<?xml version="1.0" encoding="UTF-8"?>
<testsuites name="Mocha Tests" time="8.823" tests="2" failures="2">
  <testsuite name="Root Suite" timestamp="2025-01-27T17:32:23" tests="0" file="cypress\e2e\network\putRequest.cy.js" time="0.000" failures="0">
  </testsuite>
  <testsuite name="Requests: PUT" timestamp="2025-01-27T17:32:23" tests="2" time="8.820" failures="2">
    <testcase name="Requests: PUT should be able to update a players active-state correctly in the frontend and the backend. " time="0.000" classname="should be able to update a players active-state correctly in the frontend and the backend. ">
      <failure message="Timed out retrying after 4050ms: `cy.click()` failed because this element is not visible:

`&lt;label id=&quot;checkbox-label&quot;&gt;...&lt;/label&gt;`

This element `&lt;label#checkbox-label&gt;` is not visible because it has an effective width and height of: `10 x 0` pixels.

Fix this problem, or use `{force: true}` to disable error checking.

https://on.cypress.io/element-cannot-be-interacted-with" type="CypressError"><![CDATA[CypressError: Timed out retrying after 4050ms: `cy.click()` failed because this element is not visible:

`<label id="checkbox-label">...</label>`

This element `<label#checkbox-label>` is not visible because it has an effective width and height of: `10 x 0` pixels.

Fix this problem, or use `{force: true}` to disable error checking.

https://on.cypress.io/element-cannot-be-interacted-with
    at runVisibilityCheck (http://localhost:4173/__cypress/runner/cypress_runner.js:144957:58)
    at Object.isStrictlyVisible (http://localhost:4173/__cypress/runner/cypress_runner.js:144971:10)
    at runAllChecks (http://localhost:4173/__cypress/runner/cypress_runner.js:113271:26)
    at retryActionability (http://localhost:4173/__cypress/runner/cypress_runner.js:113339:16)
    at tryCatcher (http://localhost:4173/__cypress/runner/cypress_runner.js:1830:23)
    at Promise.attempt.Promise.try (http://localhost:4173/__cypress/runner/cypress_runner.js:4338:29)
    at whenStable (http://localhost:4173/__cypress/runner/cypress_runner.js:143744:68)
    at <unknown> (http://localhost:4173/__cypress/runner/cypress_runner.js:143685:14)
    at tryCatcher (http://localhost:4173/__cypress/runner/cypress_runner.js:1830:23)
    at Promise._settlePromiseFromHandler (http://localhost:4173/__cypress/runner/cypress_runner.js:1542:31)
    at Promise._settlePromise (http://localhost:4173/__cypress/runner/cypress_runner.js:1599:18)
    at Promise._settlePromise0 (http://localhost:4173/__cypress/runner/cypress_runner.js:1644:10)
    at Promise._settlePromises (http://localhost:4173/__cypress/runner/cypress_runner.js:1724:18)
    at Promise._fulfill (http://localhost:4173/__cypress/runner/cypress_runner.js:1668:18)
    at <unknown> (http://localhost:4173/__cypress/runner/cypress_runner.js:5473:46)
From Your Spec Code:
    at checkCheckbox (webpack://players_crud1/./cypress/support/utils.js:27:27)
    at Context.eval (webpack://players_crud1/./cypress/e2e/network/putRequest.cy.js:39:16)]]></failure>
    </testcase>
    <testcase name="Requests: PUT Should not update the player if update fails." time="0.000" classname="Should not update the player if update fails.">
      <failure message="Timed out retrying after 4050ms: `cy.click()` failed because this element is not visible:

`&lt;label id=&quot;checkbox-label&quot;&gt;...&lt;/label&gt;`

This element `&lt;label#checkbox-label&gt;` is not visible because it has an effective width and height of: `10 x 0` pixels.

Fix this problem, or use `{force: true}` to disable error checking.

https://on.cypress.io/element-cannot-be-interacted-with" type="CypressError"><![CDATA[CypressError: Timed out retrying after 4050ms: `cy.click()` failed because this element is not visible:

`<label id="checkbox-label">...</label>`

This element `<label#checkbox-label>` is not visible because it has an effective width and height of: `10 x 0` pixels.

Fix this problem, or use `{force: true}` to disable error checking.

https://on.cypress.io/element-cannot-be-interacted-with
    at runVisibilityCheck (http://localhost:4173/__cypress/runner/cypress_runner.js:144957:58)
    at Object.isStrictlyVisible (http://localhost:4173/__cypress/runner/cypress_runner.js:144971:10)
    at runAllChecks (http://localhost:4173/__cypress/runner/cypress_runner.js:113271:26)
    at retryActionability (http://localhost:4173/__cypress/runner/cypress_runner.js:113339:16)
    at tryCatcher (http://localhost:4173/__cypress/runner/cypress_runner.js:1830:23)
    at Promise.attempt.Promise.try (http://localhost:4173/__cypress/runner/cypress_runner.js:4338:29)
    at whenStable (http://localhost:4173/__cypress/runner/cypress_runner.js:143744:68)
    at <unknown> (http://localhost:4173/__cypress/runner/cypress_runner.js:143685:14)
    at tryCatcher (http://localhost:4173/__cypress/runner/cypress_runner.js:1830:23)
    at Promise._settlePromiseFromHandler (http://localhost:4173/__cypress/runner/cypress_runner.js:1542:31)
    at Promise._settlePromise (http://localhost:4173/__cypress/runner/cypress_runner.js:1599:18)
    at Promise._settlePromise0 (http://localhost:4173/__cypress/runner/cypress_runner.js:1644:10)
    at Promise._settlePromises (http://localhost:4173/__cypress/runner/cypress_runner.js:1724:18)
    at Promise._fulfill (http://localhost:4173/__cypress/runner/cypress_runner.js:1668:18)
    at <unknown> (http://localhost:4173/__cypress/runner/cypress_runner.js:5473:46)
From Your Spec Code:
    at checkCheckbox (webpack://players_crud1/./cypress/support/utils.js:27:27)
    at Context.eval (webpack://players_crud1/./cypress/e2e/network/putRequest.cy.js:89:18)]]></failure>
    </testcase>
  </testsuite>
</testsuites>