<?xml version="1.0" encoding="UTF-8"?>
<testsuites name="Mocha Tests" time="2.294" tests="2" failures="0">
  <testsuite name="Root Suite" timestamp="2025-01-27T17:36:10" tests="0" file="cypress\e2e\network\putRequest.cy.js" time="0.000" failures="0">
  </testsuite>
  <testsuite name="Requests: PUT" timestamp="2025-01-27T17:36:10" tests="2" time="2.291" failures="0">
    <testcase name="Requests: PUT should be able to update a players active-state correctly in the frontend and the backend. " time="1.235" classname="should be able to update a players active-state correctly in the frontend and the backend. ">
    </testcase>
    <testcase name="Requests: PUT Should not update the player if update fails." time="1.004" classname="Should not update the player if update fails.">
    </testcase>
  </testsuite>
</testsuites>